::1 - - [Sat, 27 Mar 2021 17:32:49 GMT] "GET / HTTP/1.1" 200 46 "-" "Mozilla/5.0 (Macintosh; Intel Mac OS X 10_11_6) AppleWebKit/537.36 (KHTML, like Gecko) Chrome/89.0.4389.105 Safari/537.36"
::1 - - [Sat, 27 Mar 2021 17:32:49 GMT] "GET /favicon.ico HTTP/1.1" 404 150 "http://localhost:8080/" "Mozilla/5.0 (Macintosh; Intel Mac OS X 10_11_6) AppleWebKit/537.36 (KHTML, like Gecko) Chrome/89.0.4389.105 Safari/537.36"
::1 - - [Sat, 27 Mar 2021 17:38:00 GMT] "POST /api/auth/signup HTTP/1.1" 201 222 "http://localhost:3000/" "Mozilla/5.0 (Macintosh; Intel Mac OS X 10_11_6) AppleWebKit/537.36 (KHTML, like Gecko) Chrome/89.0.4389.105 Safari/537.36"
::1 - - [Sun, 28 Mar 2021 01:41:30 GMT] "POST /api/leaderboard HTTP/1.1" 404 155 "-" "PostmanRuntime/7.26.5"
::1 - - [Sun, 28 Mar 2021 01:42:28 GMT] "GET /api/leaderboard HTTP/1.1" 404 154 "-" "PostmanRuntime/7.26.5"
::1 - - [Sun, 28 Mar 2021 01:43:05 GMT] "GET / HTTP/1.1" 200 46 "-" "PostmanRuntime/7.26.5"
::1 - - [Sun, 28 Mar 2021 01:43:19 GMT] "GET /api/leaderboard HTTP/1.1" 404 154 "-" "PostmanRuntime/7.26.5"
::1 - - [Sun, 28 Mar 2021 01:44:07 GMT] "POST /api/auth/leaderboard HTTP/1.1" 404 160 "-" "PostmanRuntime/7.26.5"
::1 - - [Sun, 28 Mar 2021 01:45:35 GMT] "POST /api/auth/leaderboard HTTP/1.1" 404 160 "-" "PostmanRuntime/7.26.5"
::1 - - [Sun, 28 Mar 2021 01:46:02 GMT] "POST /api/auth/leaderboard HTTP/1.1" 404 160 "-" "PostmanRuntime/7.26.5"
::1 - - [Sun, 28 Mar 2021 01:46:34 GMT] "POST /api/leaderboard HTTP/1.1" 404 155 "-" "PostmanRuntime/7.26.5"
::1 - - [Sun, 28 Mar 2021 01:48:03 GMT] "POST /api/leaderboard HTTP/1.1" 404 155 "-" "PostmanRuntime/7.26.5"
::1 - - [Sun, 28 Mar 2021 01:48:37 GMT] "GET / HTTP/1.1" 200 46 "-" "PostmanRuntime/7.26.5"
::1 - - [Sun, 28 Mar 2021 01:49:42 GMT] "GET /api/leaderboard HTTP/1.1" 404 154 "-" "PostmanRuntime/7.26.5"
::1 - - [Sun, 28 Mar 2021 01:50:52 GMT] "GET /api/leaderboard HTTP/1.1" 404 154 "-" "PostmanRuntime/7.26.5"
::1 - - [Sun, 28 Mar 2021 01:50:58 GMT] "POST /api/leaderboard HTTP/1.1" 404 155 "-" "PostmanRuntime/7.26.5"
::1 - - [Sun, 28 Mar 2021 01:52:20 GMT] "GET /api/leaderboard HTTP/1.1" 404 154 "-" "PostmanRuntime/7.26.5"
::1 - - [Sun, 28 Mar 2021 01:54:33 GMT] "GET /api/leaderboard HTTP/1.1" 500 2258 "-" "PostmanRuntime/7.26.5"
::1 - - [Sun, 28 Mar 2021 01:54:50 GMT] "GET /api/leaderboard HTTP/1.1" 201 19 "-" "PostmanRuntime/7.26.5"
::1 - - [Sun, 28 Mar 2021 01:56:05 GMT] "POST /api/leaderboard HTTP/1.1" 201 41 "-" "PostmanRuntime/7.26.5"
::1 - - [Sun, 28 Mar 2021 01:56:16 GMT] "POST /api/leaderboard HTTP/1.1" 201 41 "-" "PostmanRuntime/7.26.5"
::1 - - [Sun, 28 Mar 2021 01:56:40 GMT] "POST /api/leaderboard HTTP/1.1" 201 41 "-" "PostmanRuntime/7.26.5"
::1 - - [Sun, 28 Mar 2021 01:57:10 GMT] "POST /api/leaderboard HTTP/1.1" 201 51 "-" "PostmanRuntime/7.26.5"
::1 - - [Sun, 28 Mar 2021 01:57:16 GMT] "GET /api/leaderboard HTTP/1.1" 500 2258 "-" "PostmanRuntime/7.26.5"
::1 - - [Sun, 28 Mar 2021 01:58:04 GMT] "GET /api/leaderboard HTTP/1.1" 500 2258 "-" "PostmanRuntime/7.26.5"
::1 - - [Sun, 28 Mar 2021 01:58:30 GMT] "GET /api/leaderboard HTTP/1.1" 201 82 "-" "PostmanRuntime/7.26.5"
::1 - - [Sun, 28 Mar 2021 02:00:27 GMT] "GET /api/leaderboard HTTP/1.1" 201 82 "-" "PostmanRuntime/7.26.5"
::1 - - [Sun, 28 Mar 2021 02:00:38 GMT] "GET /api/leaderboard HTTP/1.1" 201 82 "-" "PostmanRuntime/7.26.5"
::1 - - [Sun, 28 Mar 2021 02:03:06 GMT] "GET /api/leaderboard HTTP/1.1" 201 82 "-" "PostmanRuntime/7.26.5"
::1 - - [Sun, 28 Mar 2021 02:03:52 GMT] "GET /api/leaderboard HTTP/1.1" 201 82 "-" "PostmanRuntime/7.26.5"
::1 - - [Sun, 28 Mar 2021 02:04:17 GMT] "GET /api/leaderboard HTTP/1.1" 500 82 "-" "PostmanRuntime/7.26.5"
::1 - - [Sun, 28 Mar 2021 02:04:57 GMT] "GET /api/leaderboard HTTP/1.1" 500 82 "-" "PostmanRuntime/7.26.5"
::1 - - [Sun, 28 Mar 2021 07:49:38 GMT] "POST /api/auth/signup HTTP/1.1" 201 226 "http://localhost:3000/" "Mozilla/5.0 (iPhone; CPU iPhone OS 13_2_3 like Mac OS X) AppleWebKit/605.1.15 (KHTML, like Gecko) Version/13.0.3 Mobile/15E148 Safari/604.1"
::1 - - [Sun, 28 Mar 2021 07:50:20 GMT] "POST /api/auth/login HTTP/1.1" 401 25 "http://localhost:3000/" "Mozilla/5.0 (iPhone; CPU iPhone OS 13_2_3 like Mac OS X) AppleWebKit/605.1.15 (KHTML, like Gecko) Version/13.0.3 Mobile/15E148 Safari/604.1"
::1 - - [Sun, 28 Mar 2021 07:50:23 GMT] "POST /api/auth/login HTTP/1.1" 401 25 "http://localhost:3000/" "Mozilla/5.0 (iPhone; CPU iPhone OS 13_2_3 like Mac OS X) AppleWebKit/605.1.15 (KHTML, like Gecko) Version/13.0.3 Mobile/15E148 Safari/604.1"
::1 - - [Sun, 28 Mar 2021 07:50:45 GMT] "POST /api/auth/signup HTTP/1.1" 500 507 "http://localhost:3000/" "Mozilla/5.0 (iPhone; CPU iPhone OS 13_2_3 like Mac OS X) AppleWebKit/605.1.15 (KHTML, like Gecko) Version/13.0.3 Mobile/15E148 Safari/604.1"
::1 - - [Sun, 28 Mar 2021 08:08:13 GMT] "POST /api/auth/login HTTP/1.1" 401 25 "http://localhost:3000/" "Mozilla/5.0 (iPhone; CPU iPhone OS 13_2_3 like Mac OS X) AppleWebKit/605.1.15 (KHTML, like Gecko) Version/13.0.3 Mobile/15E148 Safari/604.1"
::1 - - [Sun, 28 Mar 2021 08:09:44 GMT] "POST /api/auth/signup HTTP/1.1" 201 222 "http://localhost:3000/" "Mozilla/5.0 (iPhone; CPU iPhone OS 13_2_3 like Mac OS X) AppleWebKit/605.1.15 (KHTML, like Gecko) Version/13.0.3 Mobile/15E148 Safari/604.1"
::1 - - [Sun, 28 Mar 2021 08:09:59 GMT] "POST /api/auth/login HTTP/1.1" 401 25 "http://localhost:3000/" "Mozilla/5.0 (iPhone; CPU iPhone OS 13_2_3 like Mac OS X) AppleWebKit/605.1.15 (KHTML, like Gecko) Version/13.0.3 Mobile/15E148 Safari/604.1"
::1 - - [Sun, 28 Mar 2021 08:10:01 GMT] "POST /api/auth/login HTTP/1.1" 401 25 "http://localhost:3000/" "Mozilla/5.0 (iPhone; CPU iPhone OS 13_2_3 like Mac OS X) AppleWebKit/605.1.15 (KHTML, like Gecko) Version/13.0.3 Mobile/15E148 Safari/604.1"
